17/09/23 12:31:57 INFO SparkContext: Running Spark version 2.1.0
17/09/23 12:31:58 WARN NativeCodeLoader: Unable to load native-hadoop library for your platform... using builtin-java classes where applicable
17/09/23 12:31:58 INFO SecurityManager: Changing view acls to: User
17/09/23 12:31:58 INFO SecurityManager: Changing modify acls to: User
17/09/23 12:31:58 INFO SecurityManager: Changing view acls groups to: 
17/09/23 12:31:58 INFO SecurityManager: Changing modify acls groups to: 
17/09/23 12:31:58 INFO SecurityManager: SecurityManager: authentication disabled; ui acls disabled; users  with view permissions: Set(User); groups with view permissions: Set(); users  with modify permissions: Set(User); groups with modify permissions: Set()
17/09/23 12:31:58 INFO Utils: Successfully started service 'sparkDriver' on port 11856.
17/09/23 12:31:58 INFO SparkEnv: Registering MapOutputTracker
17/09/23 12:31:58 INFO SparkEnv: Registering BlockManagerMaster
17/09/23 12:31:58 INFO BlockManagerMasterEndpoint: Using org.apache.spark.storage.DefaultTopologyMapper for getting topology information
17/09/23 12:31:58 INFO BlockManagerMasterEndpoint: BlockManagerMasterEndpoint up
17/09/23 12:31:58 INFO DiskBlockManager: Created local directory at C:\Users\User\AppData\Local\Temp\blockmgr-75a57fb4-331f-4c0d-ad03-c9dc53721149
17/09/23 12:31:58 INFO MemoryStore: MemoryStore started with capacity 366.3 MB
17/09/23 12:31:58 INFO SparkEnv: Registering OutputCommitCoordinator
17/09/23 12:31:59 INFO Utils: Successfully started service 'SparkUI' on port 4040.
17/09/23 12:31:59 INFO SparkUI: Bound SparkUI to 127.0.0.1, and started at http://127.0.0.1:4040
17/09/23 12:31:59 INFO SparkContext: Added JAR file:/C:/Users/User/Documents/R/win-library/3.4/sparklyr/java/sparklyr-2.1-2.11.jar at spark://127.0.0.1:11856/jars/sparklyr-2.1-2.11.jar with timestamp 1506141119222
17/09/23 12:31:59 INFO Executor: Starting executor ID driver on host localhost
17/09/23 12:31:59 INFO Utils: Successfully started service 'org.apache.spark.network.netty.NettyBlockTransferService' on port 11877.
17/09/23 12:31:59 INFO NettyBlockTransferService: Server created on 127.0.0.1:11877
17/09/23 12:31:59 INFO BlockManager: Using org.apache.spark.storage.RandomBlockReplicationPolicy for block replication policy
17/09/23 12:31:59 INFO BlockManagerMaster: Registering BlockManager BlockManagerId(driver, 127.0.0.1, 11877, None)
17/09/23 12:31:59 INFO BlockManagerMasterEndpoint: Registering block manager 127.0.0.1:11877 with 366.3 MB RAM, BlockManagerId(driver, 127.0.0.1, 11877, None)
17/09/23 12:31:59 INFO BlockManagerMaster: Registered BlockManager BlockManagerId(driver, 127.0.0.1, 11877, None)
17/09/23 12:31:59 INFO BlockManager: Initialized BlockManager: BlockManagerId(driver, 127.0.0.1, 11877, None)
17/09/23 12:32:00 WARN SparkContext: Using an existing SparkContext; some configuration may not take effect.
17/09/23 12:32:00 INFO SharedState: Warehouse path is 'C:UsersUserAppDataLocalsparkspark-2.1.0-bin-hadoop2.7	mphive'.
17/09/23 12:32:00 INFO HiveUtils: Initializing HiveMetastoreConnection version 1.2.1 using Spark classes.
17/09/23 12:32:01 INFO HiveMetaStore: 0: Opening raw store with implemenation class:org.apache.hadoop.hive.metastore.ObjectStore
17/09/23 12:32:01 INFO ObjectStore: ObjectStore, initialize called
17/09/23 12:32:01 INFO Persistence: Property hive.metastore.integral.jdo.pushdown unknown - will be ignored
17/09/23 12:32:01 INFO Persistence: Property datanucleus.cache.level2 unknown - will be ignored
17/09/23 12:32:03 INFO ObjectStore: Setting MetaStore object pin classes with hive.metastore.cache.pinobjtypes="Table,StorageDescriptor,SerDeInfo,Partition,Database,Type,FieldSchema,Order"
17/09/23 12:32:04 INFO Datastore: The class "org.apache.hadoop.hive.metastore.model.MFieldSchema" is tagged as "embedded-only" so does not have its own datastore table.
17/09/23 12:32:04 INFO Datastore: The class "org.apache.hadoop.hive.metastore.model.MOrder" is tagged as "embedded-only" so does not have its own datastore table.
17/09/23 12:32:05 INFO Datastore: The class "org.apache.hadoop.hive.metastore.model.MFieldSchema" is tagged as "embedded-only" so does not have its own datastore table.
17/09/23 12:32:05 INFO Datastore: The class "org.apache.hadoop.hive.metastore.model.MOrder" is tagged as "embedded-only" so does not have its own datastore table.
17/09/23 12:32:05 INFO MetaStoreDirectSql: Using direct SQL, underlying DB is DERBY
17/09/23 12:32:05 INFO ObjectStore: Initialized ObjectStore
17/09/23 12:32:05 WARN ObjectStore: Version information not found in metastore. hive.metastore.schema.verification is not enabled so recording the schema version 1.2.0
17/09/23 12:32:05 WARN ObjectStore: Failed to get database default, returning NoSuchObjectException
17/09/23 12:32:05 INFO HiveMetaStore: Added admin role in metastore
17/09/23 12:32:05 INFO HiveMetaStore: Added public role in metastore
17/09/23 12:32:06 INFO HiveMetaStore: No user is added in admin role, since config is empty
17/09/23 12:32:06 INFO HiveMetaStore: 0: get_all_databases
17/09/23 12:32:06 INFO audit: ugi=User	ip=unknown-ip-addr	cmd=get_all_databases	
17/09/23 12:32:06 INFO HiveMetaStore: 0: get_functions: db=default pat=*
17/09/23 12:32:06 INFO audit: ugi=User	ip=unknown-ip-addr	cmd=get_functions: db=default pat=*	
17/09/23 12:32:06 INFO Datastore: The class "org.apache.hadoop.hive.metastore.model.MResourceUri" is tagged as "embedded-only" so does not have its own datastore table.
17/09/23 12:32:06 INFO SessionState: Created HDFS directory: C:/Users/User/AppData/Local/spark/spark-2.1.0-bin-hadoop2.7/tmp/hive/User
17/09/23 12:32:06 INFO SessionState: Created local directory: C:/Users/User/AppData/Local/Temp/847edb4b-3a0f-4858-8ca7-2ea054973e5e_resources
17/09/23 12:32:06 INFO SessionState: Created HDFS directory: C:/Users/User/AppData/Local/spark/spark-2.1.0-bin-hadoop2.7/tmp/hive/User/847edb4b-3a0f-4858-8ca7-2ea054973e5e
17/09/23 12:32:06 INFO SessionState: Created local directory: C:/Users/User/AppData/Local/spark/spark-2.1.0-bin-hadoop2.7/tmp/hive/847edb4b-3a0f-4858-8ca7-2ea054973e5e
17/09/23 12:32:06 INFO SessionState: Created HDFS directory: C:/Users/User/AppData/Local/spark/spark-2.1.0-bin-hadoop2.7/tmp/hive/User/847edb4b-3a0f-4858-8ca7-2ea054973e5e/_tmp_space.db
17/09/23 12:32:06 INFO HiveClientImpl: Warehouse location for Hive client (version 1.2.1) is C:UsersUserAppDataLocalsparkspark-2.1.0-bin-hadoop2.7	mphive
17/09/23 12:32:06 INFO HiveMetaStore: 0: get_database: default
17/09/23 12:32:06 INFO audit: ugi=User	ip=unknown-ip-addr	cmd=get_database: default	
17/09/23 12:32:06 INFO HiveMetaStore: 0: get_database: global_temp
17/09/23 12:32:06 INFO audit: ugi=User	ip=unknown-ip-addr	cmd=get_database: global_temp	
17/09/23 12:32:06 WARN ObjectStore: Failed to get database global_temp, returning NoSuchObjectException
17/09/23 12:32:06 INFO SparkSqlParser: Parsing command: SHOW TABLES
17/09/23 12:32:08 INFO HiveMetaStore: 0: get_database: default
17/09/23 12:32:08 INFO audit: ugi=User	ip=unknown-ip-addr	cmd=get_database: default	
17/09/23 12:32:08 INFO HiveMetaStore: 0: get_database: default
17/09/23 12:32:08 INFO audit: ugi=User	ip=unknown-ip-addr	cmd=get_database: default	
17/09/23 12:32:08 INFO HiveMetaStore: 0: get_tables: db=default pat=*
17/09/23 12:32:08 INFO audit: ugi=User	ip=unknown-ip-addr	cmd=get_tables: db=default pat=*	
17/09/23 12:32:11 INFO SparkContext: Invoking stop() from shutdown hook
17/09/23 12:32:11 INFO SparkUI: Stopped Spark web UI at http://127.0.0.1:4040
17/09/23 12:32:11 INFO MapOutputTrackerMasterEndpoint: MapOutputTrackerMasterEndpoint stopped!
17/09/23 12:32:11 INFO MemoryStore: MemoryStore cleared
17/09/23 12:32:11 INFO BlockManager: BlockManager stopped
17/09/23 12:32:11 INFO BlockManagerMaster: BlockManagerMaster stopped
17/09/23 12:32:11 INFO OutputCommitCoordinator$OutputCommitCoordinatorEndpoint: OutputCommitCoordinator stopped!
17/09/23 12:32:11 INFO SparkContext: Successfully stopped SparkContext
17/09/23 12:32:11 INFO ShutdownHookManager: Shutdown hook called
17/09/23 12:32:11 INFO ShutdownHookManager: Deleting directory C:\Users\User\AppData\Local\Temp\spark-7a1e18d4-d523-46e8-9248-588949d9ec0a
